2023-01-20 13:01:32,444 INFO o.s.b.StartupInfoLogger [main] Starting ApiSuperheroesApplication using Java 17.0.6 on DESKTOP-5T9FM2M with PID 32748 (C:\Users\tonih\Spring\Prueba-Tecnica-Spring-Boot\target\classes started by tonih in C:\Users\tonih\Spring\Prueba-Tecnica-Spring-Boot)
2023-01-20 13:01:32,488 DEBUG o.s.b.StartupInfoLogger [main] Running with Spring Boot v2.7.7, Spring v5.3.24
2023-01-20 13:01:32,490 INFO o.s.b.SpringApplication [main] No active profile set, falling back to 1 default profile: "default"
2023-01-20 13:01:34,058 INFO o.s.d.r.c.RepositoryConfigurationDelegate [main] Bootstrapping Spring Data JPA repositories in DEFAULT mode.
2023-01-20 13:01:34,137 INFO o.s.d.r.c.RepositoryConfigurationDelegate [main] Finished Spring Data repository scanning in 66 ms. Found 1 JPA repository interfaces.
2023-01-20 13:01:35,172 INFO o.s.b.w.e.t.TomcatWebServer [main] Tomcat initialized with port(s): 8080 (http)
2023-01-20 13:01:35,182 INFO o.a.j.l.DirectJDKLog [main] Initializing ProtocolHandler ["http-nio-8080"]
2023-01-20 13:01:35,183 INFO o.a.j.l.DirectJDKLog [main] Starting service [Tomcat]
2023-01-20 13:01:35,183 INFO o.a.j.l.DirectJDKLog [main] Starting Servlet engine: [Apache Tomcat/9.0.70]
2023-01-20 13:01:35,334 INFO o.a.j.l.DirectJDKLog [main] Initializing Spring embedded WebApplicationContext
2023-01-20 13:01:35,334 INFO o.s.b.w.s.c.ServletWebServerApplicationContext [main] Root WebApplicationContext: initialization completed in 2788 ms
2023-01-20 13:01:35,412 INFO c.z.h.HikariDataSource [main] HikariPool-1 - Starting...
2023-01-20 13:01:35,937 INFO c.z.h.HikariDataSource [main] HikariPool-1 - Start completed.
2023-01-20 13:01:35,953 INFO o.s.b.a.h.H2ConsoleAutoConfiguration [main] H2 console available at '/h2-console'. Database available at 'jdbc:h2:mem:superheroesdb'
2023-01-20 13:01:36,204 INFO o.h.j.i.u.LogHelper [main] HHH000204: Processing PersistenceUnitInfo [name: default]
2023-01-20 13:01:36,426 INFO o.h.Version [main] HHH000412: Hibernate ORM core version 5.6.14.Final
2023-01-20 13:01:36,839 INFO o.h.a.c.r.j.JavaReflectionManager [main] HCANN000001: Hibernate Commons Annotations {5.1.2.Final}
2023-01-20 13:01:37,010 INFO o.h.d.Dialect [main] HHH000400: Using dialect: org.hibernate.dialect.H2Dialect
2023-01-20 13:01:37,668 INFO o.h.e.t.j.p.i.JtaPlatformInitiator [main] HHH000490: Using JtaPlatform implementation: [org.hibernate.engine.transaction.jta.platform.internal.NoJtaPlatform]
2023-01-20 13:01:37,676 INFO o.s.o.j.AbstractEntityManagerFactoryBean [main] Initialized JPA EntityManagerFactory for persistence unit 'default'
2023-01-20 13:01:38,806 WARN o.s.b.a.o.j.JpaBaseConfiguration$JpaWebConfiguration [main] spring.jpa.open-in-view is enabled by default. Therefore, database queries may be performed during view rendering. Explicitly configure spring.jpa.open-in-view to disable this warning
2023-01-20 13:01:39,503 INFO o.a.j.l.DirectJDKLog [main] Starting ProtocolHandler ["http-nio-8080"]
2023-01-20 13:01:39,527 INFO o.s.b.w.e.t.TomcatWebServer [main] Tomcat started on port(s): 8080 (http) with context path ''
2023-01-20 13:01:39,864 INFO o.s.b.StartupInfoLogger [main] Started ApiSuperheroesApplication in 7.985 seconds (JVM running for 9.042)
2023-01-20 13:01:52,188 INFO o.a.j.l.DirectJDKLog [http-nio-8080-exec-2] Initializing Spring DispatcherServlet 'dispatcherServlet'
2023-01-20 13:01:52,189 INFO o.s.w.s.FrameworkServlet [http-nio-8080-exec-2] Initializing Servlet 'dispatcherServlet'
2023-01-20 13:01:52,191 INFO o.s.w.s.FrameworkServlet [http-nio-8080-exec-2] Completed initialization in 2 ms
2023-01-20 13:02:51,938 INFO o.s.o.j.AbstractEntityManagerFactoryBean [SpringApplicationShutdownHook] Closing JPA EntityManagerFactory for persistence unit 'default'
2023-01-20 13:02:51,938 INFO o.h.t.s.i.SchemaDropperImpl$DelayedDropActionImpl [SpringApplicationShutdownHook] HHH000477: Starting delayed evictData of schema as part of SessionFactory shut-down'
2023-01-20 13:02:52,141 INFO c.z.h.HikariDataSource [SpringApplicationShutdownHook] HikariPool-1 - Shutdown initiated...
2023-01-20 13:02:52,143 INFO c.z.h.HikariDataSource [SpringApplicationShutdownHook] HikariPool-1 - Shutdown completed.
